name: train
run_id: install_deps
env COMSPEC: C:\WINDOWS\system32\cmd.exe
env NUMBER_OF_PROCESSORS: 8
env PATHEXT: .COM;.EXE;.BAT;.CMD;.VBS;.VBE;.JS;.JSE;.WSF;.WSH;.MSC;.PY;.PYW;.CPL
env PROCESSOR_ARCHITECTURE: AMD64
env PROGRAMDATA: C:\ProgramData
env PROGRAMFILES: C:\Program Files
env PROGRAMFILES(X86): C:\Program Files (x86)
env SYSTEMDRIVE: C:
env SYSTEMROOT: C:\WINDOWS
env TEMP: C:\Users\noahm\AppData\Local\Temp
env TMP: C:\Users\noahm\AppData\Local\Temp
env USERPROFILE: C:\Users\noahm
env LANG: en_US.UTF-8
env PATH: C:\Users\noahm\OneDrive\Documents\githubprojects\garcon\.tox\test_package\Scripts;C:\Python310\Scripts\;C:\Python310\;C:\Program Files\Common Files\Oracle\Java\javapath;C:\Program Files (x86)\Razer Chroma SDK\bin;C:\Program Files\Razer Chroma SDK\bin;C:\Program Files (x86)\Razer\ChromaBroadcast\bin;C:\Program Files\Razer\ChromaBroadcast\bin;C:\Windows\system32;C:\Windows;C:\Windows\System32\Wbem;C:\Windows\System32\WindowsPowerShell\v1.0\;C:\Windows\System32\OpenSSH\;C:\Program Files (x86)\NVIDIA Corporation\PhysX\Common;C:\Windows\system32\config\systemprofile\AppData\Local\Microsoft\WindowsApps;C:\Program Files\Git\cmd;C:\WINDOWS\system32;C:\WINDOWS;C:\WINDOWS\System32\Wbem;C:\WINDOWS\System32\WindowsPowerShell\v1.0\;C:\WINDOWS\System32\OpenSSH\;C:\Program Files\dotnet\;C:\Program Files\Docker\Docker\resources\bin;C:\ProgramData\DockerDesktop\version-bin;C:\Program Files\PuTTY\;C:\Program Files\nodejs\;C:\ProgramData\chocolatey\bin;C:\Program Files (x86)\Microsoft SQL Server\150\DTS\Binn\;C:\Program Files\Azure Data Studio\bin;C:\Program Files\NVIDIA Corporation\NVIDIA NvDLISR;C:\Users\noahm\AppData\Local\Microsoft\WindowsApps;C:\Users\noahm\AppData\Local\Programs\Microsoft VS Code\bin;C:\spark\bin;C:\Program Files\Java\jre1.8.0_301\bin;C:\Users\noahm\OneDrive\Documents\classes\flutter\sdks\flutter\bin;C:\Users\noahm\.dotnet\tools;C:\Users\noahm\AppData\Roaming\npm;C:\Users\noahm\AppData\Local\Programs\Azure Data Studio\bin;
env PIP_DISABLE_PIP_VERSION_CHECK: 1
env PYTHONIOENCODING: utf-8
env PYTHONPATH: .
env PYTHONHASHSEED: 0
env TOX_ENV_NAME: train
env TOX_WORK_DIR: C:\Users\noahm\OneDrive\Documents\githubprojects\garcon\.tox
env TOX_ENV_DIR: C:\Users\noahm\OneDrive\Documents\githubprojects\garcon\.tox\test_package
env VIRTUAL_ENV: C:\Users\noahm\OneDrive\Documents\githubprojects\garcon\.tox\test_package
env COLUMNS: 111
env LINES: 15
metadata pid: 32728
cwd: C:\Users\noahm\OneDrive\Documents\githubprojects\garcon
allow: C:\Users\noahm\OneDrive\Documents\githubprojects\garcon\.tox\test_package\Scripts\*
cmd: pip install -r C:\Users\noahm\OneDrive\Documents\githubprojects\garcon/requirements/test_requirements.txt
exit_code: 0
Collecting numpy<2.0.0,>=1.21.0
  Using cached numpy-1.24.1-cp310-cp310-win_amd64.whl (14.8 MB)
Collecting pandas<2.0.0,>=1.3.5
  Using cached pandas-1.5.3-cp310-cp310-win_amd64.whl (10.4 MB)
Collecting pydantic<2.0.0,>=1.8.1
  Using cached pydantic-1.10.4-cp310-cp310-win_amd64.whl (2.1 MB)
Collecting scikit-learn<2.0.0,>=1.1.3
  Using cached scikit_learn-1.2.1-cp310-cp310-win_amd64.whl (8.3 MB)
Collecting strictyaml<2.0.0,>=1.3.2
  Using cached strictyaml-1.6.2-py3-none-any.whl
Collecting ruamel.yaml<1.0.0,>=0.16.12
  Using cached ruamel.yaml-0.17.21-py3-none-any.whl (109 kB)
Collecting feature-engine<2.0.0,>=1.0.2
  Using cached feature_engine-1.5.2-py2.py3-none-any.whl (290 kB)
Collecting joblib<2.0.0,>=1.0.1
  Using cached joblib-1.2.0-py3-none-any.whl (297 kB)
Collecting xgboost<1.7.3,>=1.7.1
  Using cached xgboost-1.7.2-py3-none-win_amd64.whl (89.1 MB)
Collecting pytest<8.0.0,>=7.2.0
  Using cached pytest-7.2.1-py3-none-any.whl (317 kB)
Collecting pytz>=2020.1
  Using cached pytz-2022.7.1-py2.py3-none-any.whl (499 kB)
Collecting python-dateutil>=2.8.1
  Using cached python_dateutil-2.8.2-py2.py3-none-any.whl (247 kB)
Collecting typing-extensions>=4.2.0
  Using cached typing_extensions-4.4.0-py3-none-any.whl (26 kB)
Collecting threadpoolctl>=2.0.0
  Using cached threadpoolctl-3.1.0-py3-none-any.whl (14 kB)
Collecting scipy>=1.3.2
  Using cached scipy-1.10.0-cp310-cp310-win_amd64.whl (42.5 MB)
Collecting ruamel.yaml.clib>=0.2.6
  Using cached ruamel.yaml.clib-0.2.7-cp310-cp310-win_amd64.whl (111 kB)
Collecting statsmodels>=0.11.1
  Using cached statsmodels-0.13.5-cp310-cp310-win_amd64.whl (9.1 MB)
Collecting attrs>=19.2.0
  Using cached attrs-22.2.0-py3-none-any.whl (60 kB)
Collecting tomli>=1.0.0
  Using cached tomli-2.0.1-py3-none-any.whl (12 kB)
Collecting exceptiongroup>=1.0.0rc8
  Using cached exceptiongroup-1.1.0-py3-none-any.whl (14 kB)
Collecting packaging
  Using cached packaging-23.0-py3-none-any.whl (42 kB)
Collecting pluggy<2.0,>=0.12
  Using cached pluggy-1.0.0-py2.py3-none-any.whl (13 kB)
Collecting colorama
  Using cached colorama-0.4.6-py2.py3-none-any.whl (25 kB)
Collecting iniconfig
  Using cached iniconfig-2.0.0-py3-none-any.whl (5.9 kB)
Collecting six>=1.5
  Using cached six-1.16.0-py2.py3-none-any.whl (11 kB)
Collecting patsy>=0.5.2
  Using cached patsy-0.5.3-py2.py3-none-any.whl (233 kB)
Installing collected packages: pytz, typing-extensions, tomli, threadpoolctl, six, ruamel.yaml.clib, pluggy, packaging, numpy, joblib, iniconfig, exceptiongroup, colorama, attrs, scipy, ruamel.yaml, python-dateutil, pytest, pydantic, patsy, xgboost, strictyaml, scikit-learn, pandas, statsmodels, feature-engine
Successfully installed attrs-22.2.0 colorama-0.4.6 exceptiongroup-1.1.0 feature-engine-1.5.2 iniconfig-2.0.0 joblib-1.2.0 numpy-1.24.1 packaging-23.0 pandas-1.5.3 patsy-0.5.3 pluggy-1.0.0 pydantic-1.10.4 pytest-7.2.1 python-dateutil-2.8.2 pytz-2022.7.1 ruamel.yaml-0.17.21 ruamel.yaml.clib-0.2.7 scikit-learn-1.2.1 scipy-1.10.0 six-1.16.0 statsmodels-0.13.5 strictyaml-1.6.2 threadpoolctl-3.1.0 tomli-2.0.1 typing-extensions-4.4.0 xgboost-1.7.2
